C:\JSIMAGEPROC\JETHRO_IMPROC_GUI\OCV_SISR\DEBUG\OCV_SISR.PCH
C:\JSIMAGEPROC\JETHRO_IMPROC_GUI\OCV_SISR\DEBUG\STDAFX.OBJ
C:\JSIMAGEPROC\JETHRO_IMPROC_GUI\OCV_SISR\DEBUG\VC110.PDB
C:\JSIMAGEPROC\JETHRO_IMPROC_GUI\OCV_SISR\DEBUG\BOMP.OBJ
C:\JSIMAGEPROC\JETHRO_IMPROC_GUI\OCV_SISR\DEBUG\COMP.OBJ
C:\JSIMAGEPROC\JETHRO_IMPROC_GUI\OCV_SISR\DEBUG\KSVD.OBJ
C:\JSIMAGEPROC\JETHRO_IMPROC_GUI\OCV_SISR\DEBUG\SISR.OBJ
C:\JSIMAGEPROC\JETHRO_IMPROC_GUI\OCV_SISR\DEBUG\SISRSAMPLE.OBJ
C:\JSIMAGEPROC\JETHRO_IMPROC_GUI\DEBUG\OCV_SISR.ILK
C:\JSIMAGEPROC\JETHRO_IMPROC_GUI\DEBUG\OCV_SISR.DLL
C:\JSIMAGEPROC\JETHRO_IMPROC_GUI\DEBUG\OCV_SISR.PDB
C:\JsImageProc\Jethro_Improc_GUI\Debug\ocv_SISR.lib
C:\JsImageProc\Jethro_Improc_GUI\Debug\ocv_SISR.exp
C:\JsImageProc\Jethro_Improc_GUI\ocv_SISR\Debug\bomp.obj
C:\JsImageProc\Jethro_Improc_GUI\ocv_SISR\Debug\comp.obj
C:\JsImageProc\Jethro_Improc_GUI\ocv_SISR\Debug\ksvd.obj
C:\JsImageProc\Jethro_Improc_GUI\ocv_SISR\Debug\sisr.obj
C:\JsImageProc\Jethro_Improc_GUI\ocv_SISR\Debug\sisrsample.obj
C:\JsImageProc\Jethro_Improc_GUI\ocv_SISR\Debug\stdafx.obj
C:\JsImageProc\Jethro_Improc_GUI\ocv_SISR\Debug\cl.command.1.tlog
C:\JsImageProc\Jethro_Improc_GUI\ocv_SISR\Debug\CL.read.1.tlog
C:\JsImageProc\Jethro_Improc_GUI\ocv_SISR\Debug\CL.write.1.tlog
C:\JsImageProc\Jethro_Improc_GUI\ocv_SISR\Debug\link-cvtres.read.1.tlog
C:\JsImageProc\Jethro_Improc_GUI\ocv_SISR\Debug\link-cvtres.write.1.tlog
C:\JsImageProc\Jethro_Improc_GUI\ocv_SISR\Debug\link-rc.read.1.tlog
C:\JsImageProc\Jethro_Improc_GUI\ocv_SISR\Debug\link-rc.write.1.tlog
C:\JsImageProc\Jethro_Improc_GUI\ocv_SISR\Debug\link.command.1.tlog
C:\JsImageProc\Jethro_Improc_GUI\ocv_SISR\Debug\link.read.1.tlog
C:\JsImageProc\Jethro_Improc_GUI\ocv_SISR\Debug\link.write.1.tlog
C:\JsImageProc\Jethro_Improc_GUI\ocv_SISR\Debug\ocv_SISR.write.1.tlog
C:\JsImageProc\Jethro_Improc_GUI\ocv_SISR\Debug\ocv_SISR.pch
C:\JsImageProc\Jethro_Improc_GUI\ocv_SISR\Debug\vc110.idb
C:\JsImageProc\Jethro_Improc_GUI\ocv_SISR\Debug\vc110.pdb
C:\JsImageProc\Jethro_Improc_GUI\Debug\ocv_SISR.pdb
C:\JsImageProc\Jethro_Improc_GUI\Debug\ocv_SISR.dll
C:\JsImageProc\Jethro_Improc_GUI\Debug\ocv_SISR.ilk
