C:\JSIMAGEPROC\JETHRO_IMPROC_GUI\DBGSUPPORT\DEBUG\DBGPRINT.OBJ
C:\JSIMAGEPROC\JETHRO_IMPROC_GUI\DBGSUPPORT\DEBUG\LOGGER.OBJ
C:\JSIMAGEPROC\JETHRO_IMPROC_GUI\DBGSUPPORT\DEBUG\VC110.PDB
C:\JsImageProc\Jethro_Improc_GUI\Debug\dbgsupport.lib
C:\JsImageProc\Jethro_Improc_GUI\Debug\dbgsupport.exp
C:\JSIMAGEPROC\JETHRO_IMPROC_GUI\DEBUG\DBGSUPPORT.ILK
C:\JSIMAGEPROC\JETHRO_IMPROC_GUI\DEBUG\DBGSUPPORT.DLL
C:\JSIMAGEPROC\JETHRO_IMPROC_GUI\DEBUG\DBGSUPPORT.PDB
C:\JsImageProc\Jethro_Improc_GUI\dbgsupport\Debug\dbgprint.obj
C:\JsImageProc\Jethro_Improc_GUI\dbgsupport\Debug\logger.obj
C:\JsImageProc\Jethro_Improc_GUI\dbgsupport\Debug\cl.command.1.tlog
C:\JsImageProc\Jethro_Improc_GUI\dbgsupport\Debug\CL.read.1.tlog
C:\JsImageProc\Jethro_Improc_GUI\dbgsupport\Debug\CL.write.1.tlog
C:\JsImageProc\Jethro_Improc_GUI\dbgsupport\Debug\dbgsupport.write.1.tlog
C:\JsImageProc\Jethro_Improc_GUI\dbgsupport\Debug\link-cvtres.read.1.tlog
C:\JsImageProc\Jethro_Improc_GUI\dbgsupport\Debug\link-cvtres.write.1.tlog
C:\JsImageProc\Jethro_Improc_GUI\dbgsupport\Debug\link-rc.read.1.tlog
C:\JsImageProc\Jethro_Improc_GUI\dbgsupport\Debug\link-rc.write.1.tlog
C:\JsImageProc\Jethro_Improc_GUI\dbgsupport\Debug\link.command.1.tlog
C:\JsImageProc\Jethro_Improc_GUI\dbgsupport\Debug\link.read.1.tlog
C:\JsImageProc\Jethro_Improc_GUI\dbgsupport\Debug\link.write.1.tlog
C:\JsImageProc\Jethro_Improc_GUI\dbgsupport\Debug\vc110.idb
C:\JsImageProc\Jethro_Improc_GUI\dbgsupport\Debug\vc110.pdb
C:\JsImageProc\Jethro_Improc_GUI\Debug\dbgsupport.pdb
C:\JsImageProc\Jethro_Improc_GUI\Debug\dbgsupport.dll
C:\JsImageProc\Jethro_Improc_GUI\Debug\dbgsupport.ilk
