C:\JSIMAGEPROC\JETHRO_IMPROC_GUI\OCV_SISR\RELEASE\OCV_SISR.PCH
C:\JSIMAGEPROC\JETHRO_IMPROC_GUI\OCV_SISR\RELEASE\STDAFX.OBJ
C:\JSIMAGEPROC\JETHRO_IMPROC_GUI\OCV_SISR\RELEASE\VC110.PDB
C:\JSIMAGEPROC\JETHRO_IMPROC_GUI\OCV_SISR\RELEASE\KSVD.OBJ
C:\JSIMAGEPROC\JETHRO_IMPROC_GUI\OCV_SISR\RELEASE\COMP.OBJ
C:\JSIMAGEPROC\JETHRO_IMPROC_GUI\OCV_SISR\RELEASE\BOMP.OBJ
C:\JSIMAGEPROC\JETHRO_IMPROC_GUI\OCV_SISR\RELEASE\SISRSAMPLE.OBJ
C:\JSIMAGEPROC\JETHRO_IMPROC_GUI\OCV_SISR\RELEASE\SISR.OBJ
C:\JSIMAGEPROC\JETHRO_IMPROC_GUI\RELEASE\OCV_SISR.DLL
C:\JSIMAGEPROC\JETHRO_IMPROC_GUI\RELEASE\OCV_SISR.PDB
C:\JsImageProc\Jethro_Improc_GUI\Release\ocv_SISR.lib
C:\JsImageProc\Jethro_Improc_GUI\Release\ocv_SISR.exp
C:\JsImageProc\Jethro_Improc_GUI\ocv_SISR\Release\bomp.obj
C:\JsImageProc\Jethro_Improc_GUI\ocv_SISR\Release\comp.obj
C:\JsImageProc\Jethro_Improc_GUI\ocv_SISR\Release\ksvd.obj
C:\JsImageProc\Jethro_Improc_GUI\ocv_SISR\Release\sisr.obj
C:\JsImageProc\Jethro_Improc_GUI\ocv_SISR\Release\sisrsample.obj
C:\JsImageProc\Jethro_Improc_GUI\ocv_SISR\Release\stdafx.obj
C:\JsImageProc\Jethro_Improc_GUI\ocv_SISR\Release\cl.command.1.tlog
C:\JsImageProc\Jethro_Improc_GUI\ocv_SISR\Release\CL.read.1.tlog
C:\JsImageProc\Jethro_Improc_GUI\ocv_SISR\Release\CL.write.1.tlog
C:\JsImageProc\Jethro_Improc_GUI\ocv_SISR\Release\link-cvtres.read.1.tlog
C:\JsImageProc\Jethro_Improc_GUI\ocv_SISR\Release\link-cvtres.write.1.tlog
C:\JsImageProc\Jethro_Improc_GUI\ocv_SISR\Release\link-rc.read.1.tlog
C:\JsImageProc\Jethro_Improc_GUI\ocv_SISR\Release\link-rc.write.1.tlog
C:\JsImageProc\Jethro_Improc_GUI\ocv_SISR\Release\link.command.1.tlog
C:\JsImageProc\Jethro_Improc_GUI\ocv_SISR\Release\link.read.1.tlog
C:\JsImageProc\Jethro_Improc_GUI\ocv_SISR\Release\link.write.1.tlog
C:\JsImageProc\Jethro_Improc_GUI\ocv_SISR\Release\ocv_SISR.write.1.tlog
C:\JsImageProc\Jethro_Improc_GUI\ocv_SISR\Release\ocv_SISR.pch
C:\JsImageProc\Jethro_Improc_GUI\ocv_SISR\Release\vc110.pdb
C:\JsImageProc\Jethro_Improc_GUI\Release\ocv_SISR.pdb
C:\JsImageProc\Jethro_Improc_GUI\Release\ocv_SISR.dll
