C:\JSIMAGEPROC\JETHRO_IMPROC_GUI\MODS_AND_CTRLS\RELEASE\THRESHOLD.OBJ
C:\JSIMAGEPROC\JETHRO_IMPROC_GUI\MODS_AND_CTRLS\RELEASE\SUPERRES.OBJ
C:\JSIMAGEPROC\JETHRO_IMPROC_GUI\MODS_AND_CTRLS\RELEASE\DERIVATIVES.OBJ
C:\JSIMAGEPROC\JETHRO_IMPROC_GUI\MODS_AND_CTRLS\RELEASE\PYRAMIDS.OBJ
C:\JSIMAGEPROC\JETHRO_IMPROC_GUI\MODS_AND_CTRLS\RELEASE\MORPHTRANS.OBJ
C:\JSIMAGEPROC\JETHRO_IMPROC_GUI\MODS_AND_CTRLS\RELEASE\HISTOGRAM.OBJ
C:\JSIMAGEPROC\JETHRO_IMPROC_GUI\MODS_AND_CTRLS\RELEASE\CVTCOLOR.OBJ
C:\JSIMAGEPROC\JETHRO_IMPROC_GUI\MODS_AND_CTRLS\RELEASE\CONVOLUTION.OBJ
C:\JSIMAGEPROC\JETHRO_IMPROC_GUI\MODS_AND_CTRLS\RELEASE\BLUR.OBJ
C:\JSIMAGEPROC\JETHRO_IMPROC_GUI\MODS_AND_CTRLS\RELEASE\VC110.PDB
C:\JSIMAGEPROC\JETHRO_IMPROC_GUI\RELEASE\MODS_AND_CTRLS.DLL
C:\JSIMAGEPROC\JETHRO_IMPROC_GUI\RELEASE\MODS_AND_CTRLS.PDB
C:\JsImageProc\Jethro_Improc_GUI\Release\mods_and_ctrls.lib
C:\JsImageProc\Jethro_Improc_GUI\Release\mods_and_ctrls.exp
C:\JsImageProc\Jethro_Improc_GUI\mods_and_ctrls\Release\blur.obj
C:\JsImageProc\Jethro_Improc_GUI\mods_and_ctrls\Release\convolution.obj
C:\JsImageProc\Jethro_Improc_GUI\mods_and_ctrls\Release\cvtcolor.obj
C:\JsImageProc\Jethro_Improc_GUI\mods_and_ctrls\Release\derivatives.obj
C:\JsImageProc\Jethro_Improc_GUI\mods_and_ctrls\Release\histogram.obj
C:\JsImageProc\Jethro_Improc_GUI\mods_and_ctrls\Release\morphtrans.obj
C:\JsImageProc\Jethro_Improc_GUI\mods_and_ctrls\Release\pyramids.obj
C:\JsImageProc\Jethro_Improc_GUI\mods_and_ctrls\Release\superres.obj
C:\JsImageProc\Jethro_Improc_GUI\mods_and_ctrls\Release\threshold.obj
C:\JsImageProc\Jethro_Improc_GUI\mods_and_ctrls\Release\cl.command.1.tlog
C:\JsImageProc\Jethro_Improc_GUI\mods_and_ctrls\Release\CL.read.1.tlog
C:\JsImageProc\Jethro_Improc_GUI\mods_and_ctrls\Release\CL.write.1.tlog
C:\JsImageProc\Jethro_Improc_GUI\mods_and_ctrls\Release\link-cvtres.read.1.tlog
C:\JsImageProc\Jethro_Improc_GUI\mods_and_ctrls\Release\link-cvtres.write.1.tlog
C:\JsImageProc\Jethro_Improc_GUI\mods_and_ctrls\Release\link-rc.read.1.tlog
C:\JsImageProc\Jethro_Improc_GUI\mods_and_ctrls\Release\link-rc.write.1.tlog
C:\JsImageProc\Jethro_Improc_GUI\mods_and_ctrls\Release\link.command.1.tlog
C:\JsImageProc\Jethro_Improc_GUI\mods_and_ctrls\Release\link.read.1.tlog
C:\JsImageProc\Jethro_Improc_GUI\mods_and_ctrls\Release\link.read.3.tlog
C:\JsImageProc\Jethro_Improc_GUI\mods_and_ctrls\Release\link.write.1.tlog
C:\JsImageProc\Jethro_Improc_GUI\mods_and_ctrls\Release\mods_and_ctrls.write.1.tlog
C:\JsImageProc\Jethro_Improc_GUI\mods_and_ctrls\Release\vc110.pdb
C:\JsImageProc\Jethro_Improc_GUI\Release\mods_and_ctrls.pdb
C:\JsImageProc\Jethro_Improc_GUI\Release\mods_and_ctrls.dll
