C:\JSIMAGEPROC\JETHRO_IMPROC_GUI\J_IMGPROCVS\WIN32\RELEASE\VERNIER.OBJ
C:\JSIMAGEPROC\JETHRO_IMPROC_GUI\J_IMGPROCVS\WIN32\RELEASE\UTILFUNCS.OBJ
C:\JSIMAGEPROC\JETHRO_IMPROC_GUI\J_IMGPROCVS\WIN32\RELEASE\MAINWINDOW.OBJ
C:\JSIMAGEPROC\JETHRO_IMPROC_GUI\J_IMGPROCVS\WIN32\RELEASE\MAIN.OBJ
C:\JSIMAGEPROC\JETHRO_IMPROC_GUI\J_IMGPROCVS\WIN32\RELEASE\IMAGESTORAGE.OBJ
C:\JSIMAGEPROC\JETHRO_IMPROC_GUI\J_IMGPROCVS\WIN32\RELEASE\MOC_MAINWINDOW.OBJ
C:\JSIMAGEPROC\JETHRO_IMPROC_GUI\J_IMGPROCVS\WIN32\RELEASE\VC110.PDB
C:\JSIMAGEPROC\JETHRO_IMPROC_GUI\J_IMGPROCVS\GENERATEDFILES\RELEASE\MOC_MAINWINDOW.CPP
C:\JSIMAGEPROC\JETHRO_IMPROC_GUI\J_IMGPROCVS\GENERATEDFILES\UI_MAINWINDOW.H
C:\JSIMAGEPROC\JETHRO_IMPROC_GUI\RELEASE\J_IMGPROC.EXE
C:\JSIMAGEPROC\JETHRO_IMPROC_GUI\RELEASE\J_IMGPROC.PDB
C:\JsImageProc\Jethro_Improc_GUI\J_ImgprocVS\Win32\Release\imagestorage.obj
C:\JsImageProc\Jethro_Improc_GUI\J_ImgprocVS\Win32\Release\main.obj
C:\JsImageProc\Jethro_Improc_GUI\J_ImgprocVS\Win32\Release\mainwindow.obj
C:\JsImageProc\Jethro_Improc_GUI\J_ImgprocVS\Win32\Release\moc_mainwindow.obj
C:\JsImageProc\Jethro_Improc_GUI\J_ImgprocVS\Win32\Release\utilfuncs.obj
C:\JsImageProc\Jethro_Improc_GUI\J_ImgprocVS\Win32\Release\vernier.obj
C:\JsImageProc\Jethro_Improc_GUI\J_ImgprocVS\Win32\Release\cl.command.1.tlog
C:\JsImageProc\Jethro_Improc_GUI\J_ImgprocVS\Win32\Release\CL.read.1.tlog
C:\JsImageProc\Jethro_Improc_GUI\J_ImgprocVS\Win32\Release\CL.write.1.tlog
C:\JsImageProc\Jethro_Improc_GUI\J_ImgprocVS\Win32\Release\custombuild.command.1.tlog
C:\JsImageProc\Jethro_Improc_GUI\J_ImgprocVS\Win32\Release\custombuild.read.1.tlog
C:\JsImageProc\Jethro_Improc_GUI\J_ImgprocVS\Win32\Release\custombuild.write.1.tlog
C:\JsImageProc\Jethro_Improc_GUI\J_ImgprocVS\Win32\Release\link-cvtres.read.1.tlog
C:\JsImageProc\Jethro_Improc_GUI\J_ImgprocVS\Win32\Release\link-cvtres.write.1.tlog
C:\JsImageProc\Jethro_Improc_GUI\J_ImgprocVS\Win32\Release\link-rc.read.1.tlog
C:\JsImageProc\Jethro_Improc_GUI\J_ImgprocVS\Win32\Release\link-rc.write.1.tlog
C:\JsImageProc\Jethro_Improc_GUI\J_ImgprocVS\Win32\Release\link.command.1.tlog
C:\JsImageProc\Jethro_Improc_GUI\J_ImgprocVS\Win32\Release\link.read.1.tlog
C:\JsImageProc\Jethro_Improc_GUI\J_ImgprocVS\Win32\Release\link.write.1.tlog
C:\JsImageProc\Jethro_Improc_GUI\J_ImgprocVS\Win32\Release\vc110.pdb
C:\JsImageProc\Jethro_Improc_GUI\Release\J_Imgproc.pdb
C:\JsImageProc\Jethro_Improc_GUI\Release\J_Imgproc.exe
