C:\JSIMAGEPROC\JETHRO_IMPROC_GUI\MODS_AND_CTRLS\DEBUG\BLUR.OBJ
C:\JSIMAGEPROC\JETHRO_IMPROC_GUI\MODS_AND_CTRLS\DEBUG\CONVOLUTION.OBJ
C:\JSIMAGEPROC\JETHRO_IMPROC_GUI\MODS_AND_CTRLS\DEBUG\CVTCOLOR.OBJ
C:\JSIMAGEPROC\JETHRO_IMPROC_GUI\MODS_AND_CTRLS\DEBUG\HISTOGRAM.OBJ
C:\JSIMAGEPROC\JETHRO_IMPROC_GUI\MODS_AND_CTRLS\DEBUG\MORPHTRANS.OBJ
C:\JSIMAGEPROC\JETHRO_IMPROC_GUI\MODS_AND_CTRLS\DEBUG\PYRAMIDS.OBJ
C:\JSIMAGEPROC\JETHRO_IMPROC_GUI\MODS_AND_CTRLS\DEBUG\DERIVATIVES.OBJ
C:\JSIMAGEPROC\JETHRO_IMPROC_GUI\MODS_AND_CTRLS\DEBUG\SUPERRES.OBJ
C:\JSIMAGEPROC\JETHRO_IMPROC_GUI\MODS_AND_CTRLS\DEBUG\THRESHOLD.OBJ
C:\JSIMAGEPROC\JETHRO_IMPROC_GUI\MODS_AND_CTRLS\DEBUG\VC110.PDB
C:\JSIMAGEPROC\JETHRO_IMPROC_GUI\DEBUG\MODS_AND_CTRLS.ILK
C:\JSIMAGEPROC\JETHRO_IMPROC_GUI\DEBUG\MODS_AND_CTRLS.DLL
C:\JSIMAGEPROC\JETHRO_IMPROC_GUI\DEBUG\MODS_AND_CTRLS.PDB
C:\JsImageProc\Jethro_Improc_GUI\Debug\mods_and_ctrls.lib
C:\JsImageProc\Jethro_Improc_GUI\Debug\mods_and_ctrls.exp
C:\JsImageProc\Jethro_Improc_GUI\mods_and_ctrls\Debug\blur.obj
C:\JsImageProc\Jethro_Improc_GUI\mods_and_ctrls\Debug\convolution.obj
C:\JsImageProc\Jethro_Improc_GUI\mods_and_ctrls\Debug\cvtcolor.obj
C:\JsImageProc\Jethro_Improc_GUI\mods_and_ctrls\Debug\derivatives.obj
C:\JsImageProc\Jethro_Improc_GUI\mods_and_ctrls\Debug\histogram.obj
C:\JsImageProc\Jethro_Improc_GUI\mods_and_ctrls\Debug\morphtrans.obj
C:\JsImageProc\Jethro_Improc_GUI\mods_and_ctrls\Debug\pyramids.obj
C:\JsImageProc\Jethro_Improc_GUI\mods_and_ctrls\Debug\superres.obj
C:\JsImageProc\Jethro_Improc_GUI\mods_and_ctrls\Debug\threshold.obj
C:\JsImageProc\Jethro_Improc_GUI\mods_and_ctrls\Debug\cl.command.1.tlog
C:\JsImageProc\Jethro_Improc_GUI\mods_and_ctrls\Debug\CL.read.1.tlog
C:\JsImageProc\Jethro_Improc_GUI\mods_and_ctrls\Debug\CL.write.1.tlog
C:\JsImageProc\Jethro_Improc_GUI\mods_and_ctrls\Debug\link-cvtres.read.1.tlog
C:\JsImageProc\Jethro_Improc_GUI\mods_and_ctrls\Debug\link-cvtres.write.1.tlog
C:\JsImageProc\Jethro_Improc_GUI\mods_and_ctrls\Debug\link-rc.read.1.tlog
C:\JsImageProc\Jethro_Improc_GUI\mods_and_ctrls\Debug\link-rc.write.1.tlog
C:\JsImageProc\Jethro_Improc_GUI\mods_and_ctrls\Debug\link.command.1.tlog
C:\JsImageProc\Jethro_Improc_GUI\mods_and_ctrls\Debug\link.read.1.tlog
C:\JsImageProc\Jethro_Improc_GUI\mods_and_ctrls\Debug\link.write.1.tlog
C:\JsImageProc\Jethro_Improc_GUI\mods_and_ctrls\Debug\mods_and_ctrls.write.1.tlog
C:\JsImageProc\Jethro_Improc_GUI\mods_and_ctrls\Debug\vc110.idb
C:\JsImageProc\Jethro_Improc_GUI\mods_and_ctrls\Debug\vc110.pdb
C:\JsImageProc\Jethro_Improc_GUI\Debug\mods_and_ctrls.pdb
C:\JsImageProc\Jethro_Improc_GUI\Debug\mods_and_ctrls.dll
C:\JsImageProc\Jethro_Improc_GUI\Debug\mods_and_ctrls.ilk
