C:\JSIMAGEPROC\JETHRO_IMPROC_GUI\DBGSUPPORT\RELEASE\LOGGER.OBJ
C:\JSIMAGEPROC\JETHRO_IMPROC_GUI\DBGSUPPORT\RELEASE\DBGPRINT.OBJ
C:\JSIMAGEPROC\JETHRO_IMPROC_GUI\DBGSUPPORT\RELEASE\VC110.PDB
C:\JsImageProc\Jethro_Improc_GUI\Release\dbgsupport.lib
C:\JsImageProc\Jethro_Improc_GUI\Release\dbgsupport.exp
C:\JSIMAGEPROC\JETHRO_IMPROC_GUI\RELEASE\DBGSUPPORT.DLL
C:\JSIMAGEPROC\JETHRO_IMPROC_GUI\RELEASE\DBGSUPPORT.PDB
C:\JsImageProc\Jethro_Improc_GUI\dbgsupport\Release\dbgprint.obj
C:\JsImageProc\Jethro_Improc_GUI\dbgsupport\Release\logger.obj
C:\JsImageProc\Jethro_Improc_GUI\dbgsupport\Release\cl.command.1.tlog
C:\JsImageProc\Jethro_Improc_GUI\dbgsupport\Release\CL.read.1.tlog
C:\JsImageProc\Jethro_Improc_GUI\dbgsupport\Release\CL.write.1.tlog
C:\JsImageProc\Jethro_Improc_GUI\dbgsupport\Release\dbgsupport.write.1.tlog
C:\JsImageProc\Jethro_Improc_GUI\dbgsupport\Release\link-cvtres.read.1.tlog
C:\JsImageProc\Jethro_Improc_GUI\dbgsupport\Release\link-cvtres.write.1.tlog
C:\JsImageProc\Jethro_Improc_GUI\dbgsupport\Release\link-rc.read.1.tlog
C:\JsImageProc\Jethro_Improc_GUI\dbgsupport\Release\link-rc.write.1.tlog
C:\JsImageProc\Jethro_Improc_GUI\dbgsupport\Release\link.command.1.tlog
C:\JsImageProc\Jethro_Improc_GUI\dbgsupport\Release\link.read.1.tlog
C:\JsImageProc\Jethro_Improc_GUI\dbgsupport\Release\link.write.1.tlog
C:\JsImageProc\Jethro_Improc_GUI\dbgsupport\Release\vc110.pdb
C:\JsImageProc\Jethro_Improc_GUI\Release\dbgsupport.pdb
C:\JsImageProc\Jethro_Improc_GUI\Release\dbgsupport.dll
