C:\JSIMAGEPROC\JETHRO_IMPROC_GUI\J_IMGPROCVS\WIN32\DEBUG\VERNIER.OBJ
C:\JSIMAGEPROC\JETHRO_IMPROC_GUI\J_IMGPROCVS\WIN32\DEBUG\UTILFUNCS.OBJ
C:\JSIMAGEPROC\JETHRO_IMPROC_GUI\J_IMGPROCVS\WIN32\DEBUG\MAINWINDOW.OBJ
C:\JSIMAGEPROC\JETHRO_IMPROC_GUI\J_IMGPROCVS\WIN32\DEBUG\MAIN.OBJ
C:\JSIMAGEPROC\JETHRO_IMPROC_GUI\J_IMGPROCVS\WIN32\DEBUG\IMAGESTORAGE.OBJ
C:\JSIMAGEPROC\JETHRO_IMPROC_GUI\J_IMGPROCVS\WIN32\DEBUG\MOC_MAINWINDOW.OBJ
C:\JSIMAGEPROC\JETHRO_IMPROC_GUI\J_IMGPROCVS\WIN32\DEBUG\VC110.PDB
C:\JSIMAGEPROC\JETHRO_IMPROC_GUI\J_IMGPROCVS\GENERATEDFILES\DEBUG\MOC_MAINWINDOW.CPP
C:\JSIMAGEPROC\JETHRO_IMPROC_GUI\J_IMGPROCVS\GENERATEDFILES\UI_MAINWINDOW.H
C:\JSIMAGEPROC\JETHRO_IMPROC_GUI\DEBUG\J_IMGPROC.ILK
C:\JSIMAGEPROC\JETHRO_IMPROC_GUI\DEBUG\J_IMGPROC.EXE
C:\JSIMAGEPROC\JETHRO_IMPROC_GUI\DEBUG\J_IMGPROC.PDB
C:\JsImageProc\Jethro_Improc_GUI\J_ImgprocVS\Win32\Debug\imagestorage.obj
C:\JsImageProc\Jethro_Improc_GUI\J_ImgprocVS\Win32\Debug\main.obj
C:\JsImageProc\Jethro_Improc_GUI\J_ImgprocVS\Win32\Debug\mainwindow.obj
C:\JsImageProc\Jethro_Improc_GUI\J_ImgprocVS\Win32\Debug\moc_mainwindow.obj
C:\JsImageProc\Jethro_Improc_GUI\J_ImgprocVS\Win32\Debug\utilfuncs.obj
C:\JsImageProc\Jethro_Improc_GUI\J_ImgprocVS\Win32\Debug\vernier.obj
C:\JsImageProc\Jethro_Improc_GUI\J_ImgprocVS\Win32\Debug\cl.command.1.tlog
C:\JsImageProc\Jethro_Improc_GUI\J_ImgprocVS\Win32\Debug\CL.read.1.tlog
C:\JsImageProc\Jethro_Improc_GUI\J_ImgprocVS\Win32\Debug\CL.write.1.tlog
C:\JsImageProc\Jethro_Improc_GUI\J_ImgprocVS\Win32\Debug\custombuild.command.1.tlog
C:\JsImageProc\Jethro_Improc_GUI\J_ImgprocVS\Win32\Debug\custombuild.read.1.tlog
C:\JsImageProc\Jethro_Improc_GUI\J_ImgprocVS\Win32\Debug\custombuild.write.1.tlog
C:\JsImageProc\Jethro_Improc_GUI\J_ImgprocVS\Win32\Debug\link-cvtres.read.1.tlog
C:\JsImageProc\Jethro_Improc_GUI\J_ImgprocVS\Win32\Debug\link-cvtres.write.1.tlog
C:\JsImageProc\Jethro_Improc_GUI\J_ImgprocVS\Win32\Debug\link-rc.read.1.tlog
C:\JsImageProc\Jethro_Improc_GUI\J_ImgprocVS\Win32\Debug\link-rc.write.1.tlog
C:\JsImageProc\Jethro_Improc_GUI\J_ImgprocVS\Win32\Debug\link.command.1.tlog
C:\JsImageProc\Jethro_Improc_GUI\J_ImgprocVS\Win32\Debug\link.read.1.tlog
C:\JsImageProc\Jethro_Improc_GUI\J_ImgprocVS\Win32\Debug\link.write.1.tlog
C:\JsImageProc\Jethro_Improc_GUI\J_ImgprocVS\Win32\Debug\vc110.pdb
C:\JsImageProc\Jethro_Improc_GUI\Debug\J_Imgproc.pdb
C:\JsImageProc\Jethro_Improc_GUI\Debug\J_Imgproc.exe
C:\JsImageProc\Jethro_Improc_GUI\Debug\J_Imgproc.ilk
